{"D:\\Yeni klasör (6)\\Desktop\\WEB\\Web Proglamlama II\\odev05\\src\\client\\card.js": {"path":"D:\\Yeni klasör (6)\\Desktop\\WEB\\Web Proglamlama II\\odev05\\src\\client\\card.js","statementMap":{"0":{"start":{"line":2,"column":8},"end":{"line":2,"column":9}},"1":{"start":{"line":4,"column":19},"end":{"line":101,"column":4}},"2":{"start":{"line":6,"column":11},"end":{"line":6,"column":24}},"3":{"start":{"line":7,"column":4},"end":{"line":37,"column":6}},"4":{"start":{"line":8,"column":6},"end":{"line":8,"column":65}},"5":{"start":{"line":9,"column":15},"end":{"line":9,"column":50}},"6":{"start":{"line":10,"column":14},"end":{"line":10,"column":62}},"7":{"start":{"line":11,"column":14},"end":{"line":11,"column":62}},"8":{"start":{"line":12,"column":6},"end":{"line":36,"column":5}},"9":{"start":{"line":13,"column":17},"end":{"line":13,"column":40}},"10":{"start":{"line":14,"column":18},"end":{"line":14,"column":71}},"11":{"start":{"line":15,"column":4},"end":{"line":15,"column":51}},"12":{"start":{"line":16,"column":4},"end":{"line":16,"column":55}},"13":{"start":{"line":17,"column":2},"end":{"line":17,"column":61}},"14":{"start":{"line":18,"column":2},"end":{"line":18,"column":61}},"15":{"start":{"line":20,"column":4},"end":{"line":20,"column":14}},"16":{"start":{"line":21,"column":6},"end":{"line":35,"column":7}},"17":{"start":{"line":22,"column":17},"end":{"line":22,"column":84}},"18":{"start":{"line":23,"column":18},"end":{"line":23,"column":71}},"19":{"start":{"line":24,"column":8},"end":{"line":24,"column":55}},"20":{"start":{"line":25,"column":8},"end":{"line":25,"column":59}},"21":{"start":{"line":26,"column":2},"end":{"line":30,"column":3}},"22":{"start":{"line":27,"column":2},"end":{"line":27,"column":61}},"23":{"start":{"line":28,"column":8},"end":{"line":30,"column":3}},"24":{"start":{"line":29,"column":2},"end":{"line":29,"column":61}},"25":{"start":{"line":33,"column":19},"end":{"line":33,"column":45}},"26":{"start":{"line":34,"column":2},"end":{"line":34,"column":49}},"27":{"start":{"line":38,"column":5},"end":{"line":69,"column":5}},"28":{"start":{"line":40,"column":15},"end":{"line":40,"column":50}},"29":{"start":{"line":41,"column":15},"end":{"line":41,"column":63}},"30":{"start":{"line":42,"column":14},"end":{"line":42,"column":62}},"31":{"start":{"line":43,"column":6},"end":{"line":43,"column":65}},"32":{"start":{"line":44,"column":6},"end":{"line":67,"column":5}},"33":{"start":{"line":45,"column":17},"end":{"line":45,"column":40}},"34":{"start":{"line":46,"column":18},"end":{"line":46,"column":71}},"35":{"start":{"line":47,"column":4},"end":{"line":47,"column":51}},"36":{"start":{"line":48,"column":4},"end":{"line":48,"column":55}},"37":{"start":{"line":49,"column":2},"end":{"line":49,"column":61}},"38":{"start":{"line":50,"column":2},"end":{"line":50,"column":61}},"39":{"start":{"line":52,"column":6},"end":{"line":52,"column":16}},"40":{"start":{"line":53,"column":6},"end":{"line":66,"column":7}},"41":{"start":{"line":54,"column":17},"end":{"line":54,"column":84}},"42":{"start":{"line":55,"column":18},"end":{"line":55,"column":71}},"43":{"start":{"line":56,"column":8},"end":{"line":56,"column":55}},"44":{"start":{"line":57,"column":8},"end":{"line":57,"column":59}},"45":{"start":{"line":58,"column":2},"end":{"line":62,"column":3}},"46":{"start":{"line":59,"column":2},"end":{"line":59,"column":61}},"47":{"start":{"line":60,"column":8},"end":{"line":62,"column":3}},"48":{"start":{"line":61,"column":2},"end":{"line":61,"column":61}},"49":{"start":{"line":64,"column":19},"end":{"line":64,"column":45}},"50":{"start":{"line":65,"column":2},"end":{"line":65,"column":49}},"51":{"start":{"line":69,"column":6},"end":{"line":100,"column":5}},"52":{"start":{"line":71,"column":15},"end":{"line":71,"column":50}},"53":{"start":{"line":72,"column":15},"end":{"line":72,"column":63}},"54":{"start":{"line":73,"column":15},"end":{"line":73,"column":63}},"55":{"start":{"line":74,"column":6},"end":{"line":74,"column":65}},"56":{"start":{"line":75,"column":6},"end":{"line":99,"column":5}},"57":{"start":{"line":76,"column":15},"end":{"line":76,"column":38}},"58":{"start":{"line":77,"column":16},"end":{"line":77,"column":69}},"59":{"start":{"line":78,"column":2},"end":{"line":78,"column":49}},"60":{"start":{"line":79,"column":2},"end":{"line":79,"column":53}},"61":{"start":{"line":80,"column":2},"end":{"line":80,"column":61}},"62":{"start":{"line":81,"column":2},"end":{"line":81,"column":61}},"63":{"start":{"line":83,"column":6},"end":{"line":83,"column":16}},"64":{"start":{"line":84,"column":6},"end":{"line":98,"column":7}},"65":{"start":{"line":85,"column":17},"end":{"line":85,"column":84}},"66":{"start":{"line":86,"column":18},"end":{"line":86,"column":71}},"67":{"start":{"line":87,"column":8},"end":{"line":87,"column":55}},"68":{"start":{"line":88,"column":8},"end":{"line":88,"column":59}},"69":{"start":{"line":89,"column":2},"end":{"line":93,"column":3}},"70":{"start":{"line":90,"column":2},"end":{"line":90,"column":61}},"71":{"start":{"line":91,"column":8},"end":{"line":93,"column":3}},"72":{"start":{"line":92,"column":2},"end":{"line":92,"column":61}},"73":{"start":{"line":96,"column":19},"end":{"line":96,"column":45}},"74":{"start":{"line":97,"column":2},"end":{"line":97,"column":49}}},"fnMap":{"0":{"name":"(anonymous_0)","decl":{"start":{"line":4,"column":19},"end":{"line":4,"column":20}},"loc":{"start":{"line":4,"column":26},"end":{"line":101,"column":4}},"line":4}},"branchMap":{"0":{"loc":{"start":{"line":7,"column":4},"end":{"line":37,"column":6}},"type":"if","locations":[{"start":{"line":7,"column":4},"end":{"line":37,"column":6}},{"start":{"line":7,"column":4},"end":{"line":37,"column":6}}],"line":7},"1":{"loc":{"start":{"line":12,"column":6},"end":{"line":36,"column":5}},"type":"if","locations":[{"start":{"line":12,"column":6},"end":{"line":36,"column":5}},{"start":{"line":12,"column":6},"end":{"line":36,"column":5}}],"line":12},"2":{"loc":{"start":{"line":21,"column":6},"end":{"line":35,"column":7}},"type":"if","locations":[{"start":{"line":21,"column":6},"end":{"line":35,"column":7}},{"start":{"line":21,"column":6},"end":{"line":35,"column":7}}],"line":21},"3":{"loc":{"start":{"line":26,"column":2},"end":{"line":30,"column":3}},"type":"if","locations":[{"start":{"line":26,"column":2},"end":{"line":30,"column":3}},{"start":{"line":26,"column":2},"end":{"line":30,"column":3}}],"line":26},"4":{"loc":{"start":{"line":28,"column":8},"end":{"line":30,"column":3}},"type":"if","locations":[{"start":{"line":28,"column":8},"end":{"line":30,"column":3}},{"start":{"line":28,"column":8},"end":{"line":30,"column":3}}],"line":28},"5":{"loc":{"start":{"line":38,"column":5},"end":{"line":69,"column":5}},"type":"if","locations":[{"start":{"line":38,"column":5},"end":{"line":69,"column":5}},{"start":{"line":38,"column":5},"end":{"line":69,"column":5}}],"line":38},"6":{"loc":{"start":{"line":44,"column":6},"end":{"line":67,"column":5}},"type":"if","locations":[{"start":{"line":44,"column":6},"end":{"line":67,"column":5}},{"start":{"line":44,"column":6},"end":{"line":67,"column":5}}],"line":44},"7":{"loc":{"start":{"line":53,"column":6},"end":{"line":66,"column":7}},"type":"if","locations":[{"start":{"line":53,"column":6},"end":{"line":66,"column":7}},{"start":{"line":53,"column":6},"end":{"line":66,"column":7}}],"line":53},"8":{"loc":{"start":{"line":58,"column":2},"end":{"line":62,"column":3}},"type":"if","locations":[{"start":{"line":58,"column":2},"end":{"line":62,"column":3}},{"start":{"line":58,"column":2},"end":{"line":62,"column":3}}],"line":58},"9":{"loc":{"start":{"line":60,"column":8},"end":{"line":62,"column":3}},"type":"if","locations":[{"start":{"line":60,"column":8},"end":{"line":62,"column":3}},{"start":{"line":60,"column":8},"end":{"line":62,"column":3}}],"line":60},"10":{"loc":{"start":{"line":69,"column":6},"end":{"line":100,"column":5}},"type":"if","locations":[{"start":{"line":69,"column":6},"end":{"line":100,"column":5}},{"start":{"line":69,"column":6},"end":{"line":100,"column":5}}],"line":69},"11":{"loc":{"start":{"line":75,"column":6},"end":{"line":99,"column":5}},"type":"if","locations":[{"start":{"line":75,"column":6},"end":{"line":99,"column":5}},{"start":{"line":75,"column":6},"end":{"line":99,"column":5}}],"line":75},"12":{"loc":{"start":{"line":84,"column":6},"end":{"line":98,"column":7}},"type":"if","locations":[{"start":{"line":84,"column":6},"end":{"line":98,"column":7}},{"start":{"line":84,"column":6},"end":{"line":98,"column":7}}],"line":84},"13":{"loc":{"start":{"line":89,"column":2},"end":{"line":93,"column":3}},"type":"if","locations":[{"start":{"line":89,"column":2},"end":{"line":93,"column":3}},{"start":{"line":89,"column":2},"end":{"line":93,"column":3}}],"line":89},"14":{"loc":{"start":{"line":91,"column":8},"end":{"line":93,"column":3}},"type":"if","locations":[{"start":{"line":91,"column":8},"end":{"line":93,"column":3}},{"start":{"line":91,"column":8},"end":{"line":93,"column":3}}],"line":91}},"s":{"0":1,"1":1,"2":0,"3":0,"4":0,"5":0,"6":0,"7":0,"8":0,"9":0,"10":0,"11":0,"12":0,"13":0,"14":0,"15":0,"16":0,"17":0,"18":0,"19":0,"20":0,"21":0,"22":0,"23":0,"24":0,"25":0,"26":0,"27":0,"28":0,"29":0,"30":0,"31":0,"32":0,"33":0,"34":0,"35":0,"36":0,"37":0,"38":0,"39":0,"40":0,"41":0,"42":0,"43":0,"44":0,"45":0,"46":0,"47":0,"48":0,"49":0,"50":0,"51":0,"52":0,"53":0,"54":0,"55":0,"56":0,"57":0,"58":0,"59":0,"60":0,"61":0,"62":0,"63":0,"64":0,"65":0,"66":0,"67":0,"68":0,"69":0,"70":0,"71":0,"72":0,"73":0,"74":0},"f":{"0":0},"b":{"0":[0,0],"1":[0,0],"2":[0,0],"3":[0,0],"4":[0,0],"5":[0,0],"6":[0,0],"7":[0,0],"8":[0,0],"9":[0,0],"10":[0,0],"11":[0,0],"12":[0,0],"13":[0,0],"14":[0,0]},"_coverageSchema":"1a1c01bbd47fc00a2c39e90264f33305004495a9","hash":"5d60398d6223b8e53644475de5bf166c39a27aba"}
,"D:\\Yeni klasör (6)\\Desktop\\WEB\\Web Proglamlama II\\odev05\\src\\client\\game.jsx": {"path":"D:\\Yeni klasör (6)\\Desktop\\WEB\\Web Proglamlama II\\odev05\\src\\client\\game.jsx","statementMap":{"0":{"start":{"line":6,"column":8},"end":{"line":6,"column":21}},"1":{"start":{"line":7,"column":8},"end":{"line":10,"column":9}},"2":{"start":{"line":15,"column":10},"end":{"line":47,"column":9}},"3":{"start":{"line":17,"column":22},"end":{"line":21,"column":13}},"4":{"start":{"line":23,"column":22},"end":{"line":23,"column":57}},"5":{"start":{"line":25,"column":12},"end":{"line":32,"column":13}},"6":{"start":{"line":26,"column":12},"end":{"line":26,"column":58}},"7":{"start":{"line":28,"column":12},"end":{"line":28,"column":58}},"8":{"start":{"line":30,"column":12},"end":{"line":30,"column":58}},"9":{"start":{"line":32,"column":13},"end":{"line":39,"column":13}},"10":{"start":{"line":33,"column":12},"end":{"line":33,"column":58}},"11":{"start":{"line":35,"column":12},"end":{"line":35,"column":58}},"12":{"start":{"line":37,"column":12},"end":{"line":37,"column":58}},"13":{"start":{"line":40,"column":12},"end":{"line":46,"column":13}},"14":{"start":{"line":41,"column":12},"end":{"line":41,"column":58}},"15":{"start":{"line":43,"column":12},"end":{"line":43,"column":58}},"16":{"start":{"line":45,"column":12},"end":{"line":45,"column":58}},"17":{"start":{"line":51,"column":8},"end":{"line":67,"column":10}}},"fnMap":{"0":{"name":"(anonymous_0)","decl":{"start":{"line":5,"column":4},"end":{"line":5,"column":5}},"loc":{"start":{"line":5,"column":23},"end":{"line":12,"column":9}},"line":5},"1":{"name":"(anonymous_1)","decl":{"start":{"line":13,"column":8},"end":{"line":13,"column":9}},"loc":{"start":{"line":13,"column":28},"end":{"line":48,"column":7}},"line":13},"2":{"name":"(anonymous_2)","decl":{"start":{"line":15,"column":24},"end":{"line":15,"column":25}},"loc":{"start":{"line":15,"column":34},"end":{"line":47,"column":9}},"line":15},"3":{"name":"(anonymous_3)","decl":{"start":{"line":49,"column":4},"end":{"line":49,"column":5}},"loc":{"start":{"line":49,"column":12},"end":{"line":68,"column":5}},"line":49}},"branchMap":{"0":{"loc":{"start":{"line":25,"column":12},"end":{"line":32,"column":13}},"type":"if","locations":[{"start":{"line":25,"column":12},"end":{"line":32,"column":13}},{"start":{"line":25,"column":12},"end":{"line":32,"column":13}}],"line":25},"1":{"loc":{"start":{"line":32,"column":13},"end":{"line":39,"column":13}},"type":"if","locations":[{"start":{"line":32,"column":13},"end":{"line":39,"column":13}},{"start":{"line":32,"column":13},"end":{"line":39,"column":13}}],"line":32},"2":{"loc":{"start":{"line":40,"column":12},"end":{"line":46,"column":13}},"type":"if","locations":[{"start":{"line":40,"column":12},"end":{"line":46,"column":13}},{"start":{"line":40,"column":12},"end":{"line":46,"column":13}}],"line":40}},"s":{"0":5,"1":5,"2":5,"3":0,"4":0,"5":0,"6":0,"7":0,"8":0,"9":0,"10":0,"11":0,"12":0,"13":0,"14":0,"15":0,"16":0,"17":5},"f":{"0":5,"1":5,"2":0,"3":5},"b":{"0":[0,0],"1":[0,0],"2":[0,0]},"_coverageSchema":"1a1c01bbd47fc00a2c39e90264f33305004495a9","hash":"023c3a5a5b96415f597afec60945200565b3c372"}
,"D:\\Yeni klasör (6)\\Desktop\\WEB\\Web Proglamlama II\\odev05\\src\\client\\home.jsx": {"path":"D:\\Yeni klasör (6)\\Desktop\\WEB\\Web Proglamlama II\\odev05\\src\\client\\home.jsx","statementMap":{"0":{"start":{"line":7,"column":12},"end":{"line":9,"column":15}},"1":{"start":{"line":8,"column":16},"end":{"line":8,"column":46}},"2":{"start":{"line":12,"column":8},"end":{"line":23,"column":10}}},"fnMap":{"0":{"name":"(anonymous_0)","decl":{"start":{"line":5,"column":4},"end":{"line":5,"column":5}},"loc":{"start":{"line":5,"column":13},"end":{"line":24,"column":5}},"line":5},"1":{"name":"refreshPage","decl":{"start":{"line":6,"column":17},"end":{"line":6,"column":28}},"loc":{"start":{"line":6,"column":31},"end":{"line":11,"column":9}},"line":6},"2":{"name":"(anonymous_2)","decl":{"start":{"line":7,"column":23},"end":{"line":7,"column":24}},"loc":{"start":{"line":7,"column":27},"end":{"line":9,"column":13}},"line":7}},"branchMap":{},"s":{"0":0,"1":0,"2":0},"f":{"0":0,"1":0,"2":0},"b":{}}
,"D:\\Yeni klasör (6)\\Desktop\\WEB\\Web Proglamlama II\\odev05\\src\\client\\index.jsx": {"path":"D:\\Yeni klasör (6)\\Desktop\\WEB\\Web Proglamlama II\\odev05\\src\\client\\index.jsx","statementMap":{"0":{"start":{"line":8,"column":15},"end":{"line":17,"column":1}},"1":{"start":{"line":9,"column":2},"end":{"line":16,"column":3}},"2":{"start":{"line":20,"column":4},"end":{"line":20,"column":17}},"3":{"start":{"line":21,"column":4},"end":{"line":23,"column":5}},"4":{"start":{"line":27,"column":0},"end":{"line":38,"column":1}},"5":{"start":{"line":42,"column":0},"end":{"line":42,"column":57}}},"fnMap":{"0":{"name":"(anonymous_0)","decl":{"start":{"line":8,"column":15},"end":{"line":8,"column":16}},"loc":{"start":{"line":8,"column":19},"end":{"line":17,"column":1}},"line":8},"1":{"name":"(anonymous_1)","decl":{"start":{"line":19,"column":2},"end":{"line":19,"column":3}},"loc":{"start":{"line":19,"column":21},"end":{"line":24,"column":5}},"line":19},"2":{"name":"(anonymous_2)","decl":{"start":{"line":26,"column":1},"end":{"line":26,"column":2}},"loc":{"start":{"line":26,"column":9},"end":{"line":40,"column":2}},"line":26}},"branchMap":{},"s":{"0":0,"1":0,"2":0,"3":0,"4":0,"5":0},"f":{"0":0,"1":0,"2":0},"b":{}}
,"D:\\Yeni klasör (6)\\Desktop\\WEB\\Web Proglamlama II\\odev05\\src\\server\\server.js": {"path":"D:\\Yeni klasör (6)\\Desktop\\WEB\\Web Proglamlama II\\odev05\\src\\server\\server.js","statementMap":{"0":{"start":{"line":1,"column":16},"end":{"line":1,"column":34}},"1":{"start":{"line":2,"column":13},"end":{"line":2,"column":28}},"2":{"start":{"line":3,"column":12},"end":{"line":3,"column":21}},"3":{"start":{"line":5,"column":0},"end":{"line":5,"column":34}},"4":{"start":{"line":8,"column":0},"end":{"line":10,"column":3}},"5":{"start":{"line":9,"column":4},"end":{"line":9,"column":78}},"6":{"start":{"line":12,"column":13},"end":{"line":12,"column":37}},"7":{"start":{"line":14,"column":0},"end":{"line":16,"column":3}},"8":{"start":{"line":15,"column":4},"end":{"line":15,"column":42}}},"fnMap":{"0":{"name":"(anonymous_0)","decl":{"start":{"line":8,"column":8},"end":{"line":8,"column":9}},"loc":{"start":{"line":8,"column":28},"end":{"line":10,"column":1}},"line":8},"1":{"name":"(anonymous_1)","decl":{"start":{"line":14,"column":17},"end":{"line":14,"column":18}},"loc":{"start":{"line":14,"column":23},"end":{"line":16,"column":1}},"line":14}},"branchMap":{"0":{"loc":{"start":{"line":12,"column":13},"end":{"line":12,"column":37}},"type":"binary-expr","locations":[{"start":{"line":12,"column":13},"end":{"line":12,"column":29}},{"start":{"line":12,"column":33},"end":{"line":12,"column":37}}],"line":12}},"s":{"0":0,"1":0,"2":0,"3":0,"4":0,"5":0,"6":0,"7":0,"8":0},"f":{"0":0,"1":0},"b":{"0":[0,0]}}
}
