<?xml version="1.0" encoding="UTF-8"?>
<coverage generated="1617209183734" clover="3.2.0">
  <project timestamp="1617209183735" name="All files">
    <metrics statements="24" coveredstatements="21" conditionals="12" coveredconditionals="12" methods="8" coveredmethods="6" elements="44" coveredelements="39" complexity="0" loc="24" ncloc="24" packages="1" files="2" classes="2"/>
    <file name="Game.jsx" path="E:\College\ERÜ BM 4.SINIF(2020-2021)\2nd Semester (2021)\Web Programlama\1030516696_BS436_WebProgramlama\odev04\src\Game.jsx">
      <metrics statements="22" coveredstatements="21" conditionals="12" coveredconditionals="12" methods="7" coveredmethods="6"/>
      <line num="5" count="4" type="stmt"/>
      <line num="6" count="4" type="stmt"/>
      <line num="14" count="4" type="stmt"/>
      <line num="15" count="7" type="stmt"/>
      <line num="16" count="7" type="cond" truecount="2" falsecount="0"/>
      <line num="17" count="5" type="stmt"/>
      <line num="20" count="5" type="cond" truecount="2" falsecount="0"/>
      <line num="21" count="2" type="stmt"/>
      <line num="22" count="2" type="stmt"/>
      <line num="24" count="3" type="stmt"/>
      <line num="25" count="3" type="cond" truecount="2" falsecount="0"/>
      <line num="26" count="1" type="stmt"/>
      <line num="29" count="5" type="stmt"/>
      <line num="35" count="5" type="cond" truecount="2" falsecount="0"/>
      <line num="36" count="3" type="stmt"/>
      <line num="43" count="4" type="stmt"/>
      <line num="44" count="0" type="stmt"/>
      <line num="53" count="9" type="stmt"/>
      <line num="54" count="9" type="stmt"/>
      <line num="58" count="4" type="stmt"/>
      <line num="59" count="2" type="stmt"/>
      <line num="60" count="1" type="stmt"/>
    </file>
    <file name="index.jsx" path="E:\College\ERÜ BM 4.SINIF(2020-2021)\2nd Semester (2021)\Web Programlama\1030516696_BS436_WebProgramlama\odev04\src\index.jsx">
      <metrics statements="2" coveredstatements="0" conditionals="0" coveredconditionals="0" methods="1" coveredmethods="0"/>
      <line num="7" count="0" type="stmt"/>
      <line num="14" count="0" type="stmt"/>
    </file>
  </project>
</coverage>
