{"E:\\College\\ERÜ BM 4.SINIF(2020-2021)\\2nd Semester (2021)\\Web Programlama\\1030516696_BS436_WebProgramlama\\odev04\\src\\Game.jsx": {"path":"E:\\College\\ERÜ BM 4.SINIF(2020-2021)\\2nd Semester (2021)\\Web Programlama\\1030516696_BS436_WebProgramlama\\odev04\\src\\Game.jsx","statementMap":{"0":{"start":{"line":5,"column":8},"end":{"line":5,"column":21}},"1":{"start":{"line":6,"column":8},"end":{"line":12,"column":9}},"2":{"start":{"line":14,"column":14},"end":{"line":42,"column":5}},"3":{"start":{"line":15,"column":60},"end":{"line":15,"column":70}},"4":{"start":{"line":16,"column":8},"end":{"line":41,"column":9}},"5":{"start":{"line":17,"column":28},"end":{"line":17,"column":37}},"6":{"start":{"line":20,"column":12},"end":{"line":28,"column":13}},"7":{"start":{"line":21,"column":16},"end":{"line":21,"column":48}},"8":{"start":{"line":22,"column":16},"end":{"line":22,"column":40}},"9":{"start":{"line":24,"column":16},"end":{"line":24,"column":49}},"10":{"start":{"line":25,"column":16},"end":{"line":27,"column":17}},"11":{"start":{"line":26,"column":20},"end":{"line":26,"column":45}},"12":{"start":{"line":29,"column":12},"end":{"line":33,"column":15}},"13":{"start":{"line":35,"column":12},"end":{"line":39,"column":13}},"14":{"start":{"line":36,"column":16},"end":{"line":38,"column":18}},"15":{"start":{"line":43,"column":14},"end":{"line":51,"column":5}},"16":{"start":{"line":44,"column":8},"end":{"line":50,"column":10}},"17":{"start":{"line":53,"column":33},"end":{"line":53,"column":43}},"18":{"start":{"line":54,"column":8},"end":{"line":66,"column":10}},"19":{"start":{"line":58,"column":66},"end":{"line":58,"column":81}},"20":{"start":{"line":59,"column":66},"end":{"line":59,"column":81}},"21":{"start":{"line":60,"column":66},"end":{"line":60,"column":81}}},"fnMap":{"0":{"name":"(anonymous_0)","decl":{"start":{"line":4,"column":4},"end":{"line":4,"column":5}},"loc":{"start":{"line":4,"column":23},"end":{"line":13,"column":5}},"line":4},"1":{"name":"(anonymous_1)","decl":{"start":{"line":14,"column":14},"end":{"line":14,"column":15}},"loc":{"start":{"line":14,"column":25},"end":{"line":42,"column":5}},"line":14},"2":{"name":"(anonymous_2)","decl":{"start":{"line":43,"column":14},"end":{"line":43,"column":15}},"loc":{"start":{"line":43,"column":20},"end":{"line":51,"column":5}},"line":43},"3":{"name":"(anonymous_3)","decl":{"start":{"line":52,"column":4},"end":{"line":52,"column":5}},"loc":{"start":{"line":52,"column":12},"end":{"line":67,"column":5}},"line":52},"4":{"name":"(anonymous_4)","decl":{"start":{"line":58,"column":61},"end":{"line":58,"column":62}},"loc":{"start":{"line":58,"column":65},"end":{"line":58,"column":82}},"line":58},"5":{"name":"(anonymous_5)","decl":{"start":{"line":59,"column":61},"end":{"line":59,"column":62}},"loc":{"start":{"line":59,"column":65},"end":{"line":59,"column":82}},"line":59},"6":{"name":"(anonymous_6)","decl":{"start":{"line":60,"column":61},"end":{"line":60,"column":62}},"loc":{"start":{"line":60,"column":65},"end":{"line":60,"column":82}},"line":60}},"branchMap":{"0":{"loc":{"start":{"line":16,"column":8},"end":{"line":41,"column":9}},"type":"if","locations":[{"start":{"line":16,"column":8},"end":{"line":41,"column":9}},{"start":{"line":16,"column":8},"end":{"line":41,"column":9}}],"line":16},"1":{"loc":{"start":{"line":20,"column":12},"end":{"line":28,"column":13}},"type":"if","locations":[{"start":{"line":20,"column":12},"end":{"line":28,"column":13}},{"start":{"line":20,"column":12},"end":{"line":28,"column":13}}],"line":20},"2":{"loc":{"start":{"line":25,"column":16},"end":{"line":27,"column":17}},"type":"if","locations":[{"start":{"line":25,"column":16},"end":{"line":27,"column":17}},{"start":{"line":25,"column":16},"end":{"line":27,"column":17}}],"line":25},"3":{"loc":{"start":{"line":35,"column":12},"end":{"line":39,"column":13}},"type":"if","locations":[{"start":{"line":35,"column":12},"end":{"line":39,"column":13}},{"start":{"line":35,"column":12},"end":{"line":39,"column":13}}],"line":35},"4":{"loc":{"start":{"line":62,"column":24},"end":{"line":62,"column":93}},"type":"cond-expr","locations":[{"start":{"line":62,"column":31},"end":{"line":62,"column":37}},{"start":{"line":62,"column":38},"end":{"line":62,"column":93}}],"line":62},"5":{"loc":{"start":{"line":63,"column":21},"end":{"line":63,"column":146}},"type":"binary-expr","locations":[{"start":{"line":63,"column":21},"end":{"line":63,"column":27}},{"start":{"line":63,"column":31},"end":{"line":63,"column":146}}],"line":63}},"s":{"0":4,"1":4,"2":4,"3":7,"4":7,"5":5,"6":5,"7":3,"8":3,"9":2,"10":2,"11":0,"12":5,"13":5,"14":3,"15":4,"16":0,"17":9,"18":9,"19":4,"20":2,"21":1},"f":{"0":4,"1":7,"2":0,"3":9,"4":4,"5":2,"6":1},"b":{"0":[5,2],"1":[3,2],"2":[0,2],"3":[3,2],"4":[3,6],"5":[9,3]},"_coverageSchema":"1a1c01bbd47fc00a2c39e90264f33305004495a9","hash":"91f74684d81c72f601aa4cae7a45b8bb63b39db6"}
,"E:\\College\\ERÜ BM 4.SINIF(2020-2021)\\2nd Semester (2021)\\Web Programlama\\1030516696_BS436_WebProgramlama\\odev04\\src\\index.jsx": {"path":"E:\\College\\ERÜ BM 4.SINIF(2020-2021)\\2nd Semester (2021)\\Web Programlama\\1030516696_BS436_WebProgramlama\\odev04\\src\\index.jsx","statementMap":{"0":{"start":{"line":7,"column":8},"end":{"line":11,"column":10}},"1":{"start":{"line":14,"column":0},"end":{"line":14,"column":58}}},"fnMap":{"0":{"name":"(anonymous_0)","decl":{"start":{"line":6,"column":4},"end":{"line":6,"column":5}},"loc":{"start":{"line":6,"column":12},"end":{"line":12,"column":5}},"line":6}},"branchMap":{},"s":{"0":0,"1":0},"f":{"0":0},"b":{}}
}
